[0m19:28:52.335426 [debug] [MainThread]: Sending event: {'category': 'dbt', 'action': 'invocation', 'label': 'start', 'context': [<snowplow_tracker.self_describing_json.SelfDescribingJson object at 0x0000021C79C15BE0>, <snowplow_tracker.self_describing_json.SelfDescribingJson object at 0x0000021C7C1A3D90>, <snowplow_tracker.self_describing_json.SelfDescribingJson object at 0x0000021C7C1A3610>]}


============================== 19:28:52.341479 | 42de4a11-1512-47cd-87dc-c6cd5a5de598 ==============================
[0m19:28:52.341479 [info ] [MainThread]: Running with dbt=1.12.0-b3
[0m19:28:52.342973 [debug] [MainThread]: running dbt with arguments {'maximum_seed_size_mib': '1', 'no_print': 'None', 'version_check': 'True', 'warn_error_options': 'WarnErrorOptionsV2(error=[], warn=[], silence=[])', 'target_path': 'None', 'static_parser': 'True', 'printer_width': '80', 'write_json': 'True', 'empty': 'None', 'log_cache_events': 'False', 'introspect': 'True', 'cache_selected_only': 'False', 'log_format': 'default', 'debug': 'False', 'fail_fast': 'False', 'partial_parse': 'True', 'send_anonymous_usage_stats': 'True', 'quiet': 'False', 'warn_error': 'None', 'profiles_dir': 'C:\\Users\\Sia\\.dbt', 'use_colors': 'True', 'invocation_command': 'dbt init', 'indirect_selection': 'eager', 'use_experimental_parser': 'False', 'log_path': 'logs'}
[0m19:28:52.398002 [info ] [MainThread]: Creating dbt configuration folder at C:\Users\Sia\.dbt
[0m19:29:29.404857 [debug] [MainThread]: Starter project path: D:\DS & ML Roadmap\SQL\maven_analytics_eng\venv\Lib\site-packages\dbt\include\starter_project
[0m19:29:29.468205 [info ] [MainThread]: Setting up your profile.
[0m19:31:39.188631 [info ] [MainThread]: Profile maven_fuzzy_factory_dbt written to C:\Users\Sia\.dbt\profiles.yml using target's profile_template.yml and your supplied values.
[0m19:31:39.199747 [info ] [MainThread]: Running dbt debug to validate the project...
[0m19:31:39.201020 [info ] [MainThread]: dbt version: 1.12.0-b3
[0m19:31:39.201741 [info ] [MainThread]: python version: 3.13.14
[0m19:31:39.202281 [info ] [MainThread]: python path: D:\DS & ML Roadmap\SQL\maven_analytics_eng\venv\Scripts\python.exe
[0m19:31:39.202794 [info ] [MainThread]: os info: Windows-11-10.0.26200-SP0
[0m19:31:39.227676 [info ] [MainThread]: Using profiles dir at C:\Users\Sia\.dbt
[0m19:31:39.228472 [info ] [MainThread]: Using profiles.yml file at C:\Users\Sia\.dbt\profiles.yml
[0m19:31:39.229418 [info ] [MainThread]: Using dbt_project.yml file at D:\DS & ML Roadmap\SQL\maven_analytics_eng\maven_fuzzy_factory_dbt\dbt_project.yml
[0m19:31:39.230891 [info ] [MainThread]: adapter type: postgres
[0m19:31:39.231485 [info ] [MainThread]: adapter version: 1.10.2
[0m19:31:39.335798 [info ] [MainThread]: Configuration:
[0m19:31:39.336729 [info ] [MainThread]:   profiles.yml file [[32mOK found and valid[0m]
[0m19:31:39.337273 [info ] [MainThread]:   dbt_project.yml file [[32mOK found and valid[0m]
[0m19:31:39.337789 [info ] [MainThread]: Required dependencies:
[0m19:31:39.338308 [debug] [MainThread]: Executing "git --help"
[0m19:31:39.426327 [debug] [MainThread]: STDOUT: "b"usage: git [-v | --version] [-h | --help] [-C <path>] [-c <name>=<value>]\n           [--exec-path[=<path>]] [--html-path] [--man-path] [--info-path]\n           [-p | --paginate | -P | --no-pager] [--no-replace-objects] [--no-lazy-fetch]\n           [--no-optional-locks] [--no-advice] [--bare] [--git-dir=<path>]\n           [--work-tree=<path>] [--namespace=<name>] [--config-env=<name>=<envvar>]\n           <command> [<args>]\n\nThese are common Git commands used in various situations:\n\nstart a working area (see also: git help tutorial)\n   clone      Clone a repository into a new directory\n   init       Create an empty Git repository or reinitialize an existing one\n\nwork on the current change (see also: git help everyday)\n   add        Add file contents to the index\n   mv         Move or rename a file, a directory, or a symlink\n   restore    Restore working tree files\n   rm         Remove files from the working tree and from the index\n\nexamine the history and state (see also: git help revisions)\n   bisect     Use binary search to find the commit that introduced a bug\n   diff       Show changes between commits, commit and working tree, etc\n   grep       Print lines matching a pattern\n   log        Show commit logs\n   show       Show various types of objects\n   status     Show the working tree status\n\ngrow, mark and tweak your common history\n   backfill   Download missing objects in a partial clone\n   branch     List, create, or delete branches\n   commit     Record changes to the repository\n   history    EXPERIMENTAL: Rewrite history\n   merge      Join two or more development histories together\n   rebase     Reapply commits on top of another base tip\n   reset      Set `HEAD` or the index to a known state\n   switch     Switch branches\n   tag        Create, list, delete or verify tags\n\ncollaborate (see also: git help workflows)\n   fetch      Download objects and refs from another repository\n   pull       Fetch from and integrate with another repository or a local branch\n   push       Update remote refs along with associated objects\n\n'git help -a' and 'git help -g' list available subcommands and some\nconcept guides. See 'git help <command>' or 'git help <concept>'\nto read about a specific subcommand or concept.\nSee 'git help git' for an overview of the system.\n""
[0m19:31:39.427240 [debug] [MainThread]: STDERR: "b''"
[0m19:31:39.427895 [info ] [MainThread]:  - git [[32mOK found[0m]

[0m19:31:39.428455 [info ] [MainThread]: Connection:
[0m19:31:39.429006 [info ] [MainThread]:   host: localhost
[0m19:31:39.429484 [info ] [MainThread]:   port: 5432
[0m19:31:39.429981 [info ] [MainThread]:   user: postgres
[0m19:31:39.430438 [info ] [MainThread]:   database: maven_fuzzy_factory
[0m19:31:39.430870 [info ] [MainThread]:   schema: dbt_analytics
[0m19:31:39.431300 [info ] [MainThread]:   connect_timeout: 10
[0m19:31:39.431728 [info ] [MainThread]:   role: None
[0m19:31:39.432143 [info ] [MainThread]:   search_path: None
[0m19:31:39.432606 [info ] [MainThread]:   keepalives_idle: 0
[0m19:31:39.433098 [info ] [MainThread]:   sslmode: None
[0m19:31:39.433606 [info ] [MainThread]:   sslcert: None
[0m19:31:39.434414 [info ] [MainThread]:   sslkey: None
[0m19:31:39.435174 [info ] [MainThread]:   sslrootcert: None
[0m19:31:39.435707 [info ] [MainThread]:   application_name: dbt
[0m19:31:39.436216 [info ] [MainThread]:   retries: 1
[0m19:31:39.436965 [info ] [MainThread]: Registered adapter: postgres=1.10.2
[0m19:31:39.921731 [debug] [MainThread]: Acquiring new postgres connection 'debug'
[0m19:31:40.062153 [debug] [MainThread]: Using postgres connection "debug"
[0m19:31:40.062617 [debug] [MainThread]: On debug: select 1 as id
[0m19:31:40.062893 [debug] [MainThread]: Opening a new connection, currently in state init
[0m19:31:40.157141 [debug] [MainThread]: Postgres adapter: Got a retryable error when attempting to open a postgres connection.
1 attempts remaining. Retrying in 0 seconds.
Error:
connection to server at "localhost" (::1), port 5432 failed: FATAL:  password authentication failed for user "postgres"

[0m19:31:40.237473 [debug] [MainThread]: Postgres adapter: Error running SQL: select 1 as id
[0m19:31:40.238342 [debug] [MainThread]: Postgres adapter: Rolling back transaction.
[0m19:31:40.238934 [debug] [MainThread]: On debug: No close available on handle
[0m19:31:40.239291 [info ] [MainThread]:   Connection test: [[31mERROR[0m]

[0m19:31:40.240255 [info ] [MainThread]: [31m1 check failed:[0m
[0m19:31:40.241070 [info ] [MainThread]: dbt was unable to connect to the specified database.
The database returned the following error:

  >Database Error
  connection to server at "localhost" (::1), port 5432 failed: FATAL:  password authentication failed for user "postgres"
  

Check your database credentials and try again. For more information, visit:
https://docs.getdbt.com/docs/configure-your-profile


[0m19:31:40.241821 [info ] [MainThread]: Your new dbt project "maven_fuzzy_factory_dbt" was created!
Initialized new project in D:\DS & ML Roadmap\SQL\maven_analytics_eng\maven_fuzzy_factory_dbt\maven_fuzzy_factory_dbt

For more information on how to configure the profiles.yml file,
please consult the dbt documentation here:

  https://docs.getdbt.com/docs/configure-your-profile

One more thing:

Need help? Don't hesitate to reach out to us via GitHub issues or on Slack:

  https://community.getdbt.com/

Happy modeling!

[0m19:31:40.243071 [info ] [MainThread]: [31mYour profile may need adjustments. You can find the logs of `dbt debug` above[0m
[0m19:31:40.244684 [debug] [MainThread]: Command `dbt init` succeeded at 19:31:40.244447 after 168.13 seconds
[0m19:31:40.245315 [debug] [MainThread]: Connection 'debug' was properly closed.
[0m19:31:40.245789 [debug] [MainThread]: Sending event: {'category': 'dbt', 'action': 'invocation', 'label': 'end', 'context': [<snowplow_tracker.self_describing_json.SelfDescribingJson object at 0x0000021C7C7850F0>, <snowplow_tracker.self_describing_json.SelfDescribingJson object at 0x0000021C7C05D910>, <snowplow_tracker.self_describing_json.SelfDescribingJson object at 0x0000021C7C3C7790>]}
[0m19:31:40.246291 [debug] [MainThread]: Flushing usage events
[0m19:31:42.550295 [debug] [MainThread]: An error was encountered while trying to flush usage events
[0m19:32:03.188721 [debug] [MainThread]: Sending event: {'category': 'dbt', 'action': 'invocation', 'label': 'start', 'context': [<snowplow_tracker.self_describing_json.SelfDescribingJson object at 0x00000222C4169BE0>, <snowplow_tracker.self_describing_json.SelfDescribingJson object at 0x00000222C66E3D90>, <snowplow_tracker.self_describing_json.SelfDescribingJson object at 0x00000222C66E3610>]}


============================== 19:32:03.193846 | 5b4c9a2e-a075-403d-bc30-c795b2ffa238 ==============================
[0m19:32:03.193846 [info ] [MainThread]: Running with dbt=1.12.0-b3
[0m19:32:03.195045 [debug] [MainThread]: running dbt with arguments {'static_parser': 'True', 'no_print': 'None', 'version_check': 'True', 'target_path': 'None', 'warn_error_options': 'WarnErrorOptionsV2(error=[], warn=[], silence=[])', 'maximum_seed_size_mib': '1', 'printer_width': '80', 'write_json': 'True', 'introspect': 'True', 'log_cache_events': 'False', 'empty': 'None', 'cache_selected_only': 'False', 'fail_fast': 'False', 'debug': 'False', 'log_format': 'default', 'profiles_dir': 'C:\\Users\\Sia\\.dbt', 'send_anonymous_usage_stats': 'True', 'quiet': 'False', 'warn_error': 'None', 'partial_parse': 'True', 'indirect_selection': 'eager', 'use_colors': 'True', 'invocation_command': 'dbt debug', 'use_experimental_parser': 'False', 'log_path': 'logs'}
[0m19:32:03.216181 [info ] [MainThread]: dbt version: 1.12.0-b3
[0m19:32:03.217005 [info ] [MainThread]: python version: 3.13.14
[0m19:32:03.217888 [info ] [MainThread]: python path: D:\DS & ML Roadmap\SQL\maven_analytics_eng\venv\Scripts\python.exe
[0m19:32:03.218433 [info ] [MainThread]: os info: Windows-11-10.0.26200-SP0
[0m19:32:03.276793 [info ] [MainThread]: Using profiles dir at C:\Users\Sia\.dbt
[0m19:32:03.277609 [info ] [MainThread]: Using profiles.yml file at C:\Users\Sia\.dbt\profiles.yml
[0m19:32:03.278333 [info ] [MainThread]: Using dbt_project.yml file at D:\DS & ML Roadmap\SQL\maven_analytics_eng\dbt_project.yml
[0m19:32:03.279479 [info ] [MainThread]: adapter type: postgres
[0m19:32:03.280173 [info ] [MainThread]: adapter version: 1.10.2
[0m19:32:03.280904 [info ] [MainThread]: Configuration:
[0m19:32:03.281549 [info ] [MainThread]:   profiles.yml file [[32mOK found and valid[0m]
[0m19:32:03.282169 [info ] [MainThread]:   dbt_project.yml file [[31mERROR not found[0m]
[0m19:32:03.282730 [info ] [MainThread]: Required dependencies:
[0m19:32:03.283202 [debug] [MainThread]: Executing "git --help"
[0m19:32:03.365430 [debug] [MainThread]: STDOUT: "b"usage: git [-v | --version] [-h | --help] [-C <path>] [-c <name>=<value>]\n           [--exec-path[=<path>]] [--html-path] [--man-path] [--info-path]\n           [-p | --paginate | -P | --no-pager] [--no-replace-objects] [--no-lazy-fetch]\n           [--no-optional-locks] [--no-advice] [--bare] [--git-dir=<path>]\n           [--work-tree=<path>] [--namespace=<name>] [--config-env=<name>=<envvar>]\n           <command> [<args>]\n\nThese are common Git commands used in various situations:\n\nstart a working area (see also: git help tutorial)\n   clone      Clone a repository into a new directory\n   init       Create an empty Git repository or reinitialize an existing one\n\nwork on the current change (see also: git help everyday)\n   add        Add file contents to the index\n   mv         Move or rename a file, a directory, or a symlink\n   restore    Restore working tree files\n   rm         Remove files from the working tree and from the index\n\nexamine the history and state (see also: git help revisions)\n   bisect     Use binary search to find the commit that introduced a bug\n   diff       Show changes between commits, commit and working tree, etc\n   grep       Print lines matching a pattern\n   log        Show commit logs\n   show       Show various types of objects\n   status     Show the working tree status\n\ngrow, mark and tweak your common history\n   backfill   Download missing objects in a partial clone\n   branch     List, create, or delete branches\n   commit     Record changes to the repository\n   history    EXPERIMENTAL: Rewrite history\n   merge      Join two or more development histories together\n   rebase     Reapply commits on top of another base tip\n   reset      Set `HEAD` or the index to a known state\n   switch     Switch branches\n   tag        Create, list, delete or verify tags\n\ncollaborate (see also: git help workflows)\n   fetch      Download objects and refs from another repository\n   pull       Fetch from and integrate with another repository or a local branch\n   push       Update remote refs along with associated objects\n\n'git help -a' and 'git help -g' list available subcommands and some\nconcept guides. See 'git help <command>' or 'git help <concept>'\nto read about a specific subcommand or concept.\nSee 'git help git' for an overview of the system.\n""
[0m19:32:03.366363 [debug] [MainThread]: STDERR: "b''"
[0m19:32:03.366915 [info ] [MainThread]:  - git [[32mOK found[0m]

[0m19:32:03.367343 [info ] [MainThread]: Connection:
[0m19:32:03.367818 [info ] [MainThread]:   host: localhost
[0m19:32:03.368239 [info ] [MainThread]:   port: 5432
[0m19:32:03.368633 [info ] [MainThread]:   user: postgres
[0m19:32:03.369080 [info ] [MainThread]:   database: maven_fuzzy_factory
[0m19:32:03.369468 [info ] [MainThread]:   schema: dbt_analytics
[0m19:32:03.369868 [info ] [MainThread]:   connect_timeout: 10
[0m19:32:03.370386 [info ] [MainThread]:   role: None
[0m19:32:03.370867 [info ] [MainThread]:   search_path: None
[0m19:32:03.371387 [info ] [MainThread]:   keepalives_idle: 0
[0m19:32:03.371884 [info ] [MainThread]:   sslmode: None
[0m19:32:03.372432 [info ] [MainThread]:   sslcert: None
[0m19:32:03.373179 [info ] [MainThread]:   sslkey: None
[0m19:32:03.373689 [info ] [MainThread]:   sslrootcert: None
[0m19:32:03.374543 [info ] [MainThread]:   application_name: dbt
[0m19:32:03.375319 [info ] [MainThread]:   retries: 1
[0m19:32:03.376243 [info ] [MainThread]: Registered adapter: postgres=1.10.2
[0m19:32:03.768921 [debug] [MainThread]: Acquiring new postgres connection 'debug'
[0m19:32:03.861457 [debug] [MainThread]: Using postgres connection "debug"
[0m19:32:03.861923 [debug] [MainThread]: On debug: select 1 as id
[0m19:32:03.862196 [debug] [MainThread]: Opening a new connection, currently in state init
[0m19:32:03.949572 [debug] [MainThread]: Postgres adapter: Got a retryable error when attempting to open a postgres connection.
1 attempts remaining. Retrying in 0 seconds.
Error:
connection to server at "localhost" (::1), port 5432 failed: FATAL:  password authentication failed for user "postgres"

[0m19:32:04.026802 [debug] [MainThread]: Postgres adapter: Error running SQL: select 1 as id
[0m19:32:04.027430 [debug] [MainThread]: Postgres adapter: Rolling back transaction.
[0m19:32:04.027820 [debug] [MainThread]: On debug: No close available on handle
[0m19:32:04.028833 [info ] [MainThread]:   Connection test: [[31mERROR[0m]

[0m19:32:04.029935 [info ] [MainThread]: [31m2 checks failed:[0m
[0m19:32:04.030712 [info ] [MainThread]: Project loading failed for the following reason:
 project path <D:\DS & ML Roadmap\SQL\maven_analytics_eng\dbt_project.yml> not found

[0m19:32:04.031222 [info ] [MainThread]: dbt was unable to connect to the specified database.
The database returned the following error:

  >Database Error
  connection to server at "localhost" (::1), port 5432 failed: FATAL:  password authentication failed for user "postgres"
  

Check your database credentials and try again. For more information, visit:
https://docs.getdbt.com/docs/configure-your-profile


[0m19:32:04.032445 [debug] [MainThread]: Command `dbt debug` failed at 19:32:04.032270 after 1.05 seconds
[0m19:32:04.032881 [debug] [MainThread]: Connection 'debug' was properly closed.
[0m19:32:04.033197 [debug] [MainThread]: Sending event: {'category': 'dbt', 'action': 'invocation', 'label': 'end', 'context': [<snowplow_tracker.self_describing_json.SelfDescribingJson object at 0x00000222C6BEC9D0>, <snowplow_tracker.self_describing_json.SelfDescribingJson object at 0x00000222C688EB10>, <snowplow_tracker.self_describing_json.SelfDescribingJson object at 0x00000222C679F8A0>]}
[0m19:32:04.033583 [debug] [MainThread]: Flushing usage events
[0m19:32:05.721890 [debug] [MainThread]: An error was encountered while trying to flush usage events
[0m20:17:59.530092 [debug] [MainThread]: Sending event: {'category': 'dbt', 'action': 'invocation', 'label': 'start', 'context': [<snowplow_tracker.self_describing_json.SelfDescribingJson object at 0x000002289BBE1940>, <snowplow_tracker.self_describing_json.SelfDescribingJson object at 0x0000022898A5D450>, <snowplow_tracker.self_describing_json.SelfDescribingJson object at 0x000002289E38BB10>]}


============================== 20:17:59.541337 | bad7f71b-673c-4536-a57c-e3fd51c23bc0 ==============================
[0m20:17:59.541337 [info ] [MainThread]: Running with dbt=1.12.0-b3
[0m20:17:59.542521 [debug] [MainThread]: running dbt with arguments {'printer_width': '80', 'target_path': 'None', 'cache_selected_only': 'False', 'warn_error': 'None', 'empty': 'False', 'debug': 'False', 'static_parser': 'True', 'log_cache_events': 'False', 'profiles_dir': 'C:\\Users\\Sia\\.dbt', 'log_format': 'default', 'quiet': 'False', 'maximum_seed_size_mib': '1', 'use_colors': 'True', 'partial_parse': 'True', 'version_check': 'True', 'log_path': 'logs', 'introspect': 'True', 'invocation_command': 'dbt run --select staging', 'fail_fast': 'False', 'no_print': 'None', 'warn_error_options': 'WarnErrorOptionsV2(error=[], warn=[], silence=[])', 'send_anonymous_usage_stats': 'True', 'indirect_selection': 'eager', 'write_json': 'True', 'use_experimental_parser': 'False'}
[0m20:17:59.543568 [error] [MainThread]: [[31mERROR[0m]: Encountered an error:
Runtime Error
  No dbt_project.yml found at expected path D:\DS & ML Roadmap\SQL\maven_analytics_eng\dbt_project.yml
  Verify that each entry within packages.yml (and their transitive dependencies) contains a file named dbt_project.yml
  
[0m20:17:59.545162 [debug] [MainThread]: Command `dbt run` failed at 20:17:59.544978 after 0.24 seconds
[0m20:17:59.545604 [debug] [MainThread]: Sending event: {'category': 'dbt', 'action': 'invocation', 'label': 'end', 'context': [<snowplow_tracker.self_describing_json.SelfDescribingJson object at 0x000002289E373BB0>, <snowplow_tracker.self_describing_json.SelfDescribingJson object at 0x000002289E352330>, <snowplow_tracker.self_describing_json.SelfDescribingJson object at 0x000002289E3B6E00>]}
[0m20:17:59.546004 [debug] [MainThread]: Flushing usage events
[0m20:18:06.907058 [debug] [MainThread]: An error was encountered while trying to flush usage events
